Arguments: 
  /usr/local/Cellar/node/10.9.0/bin/node /usr/local/bin/yarn

PATH: 
  /usr/local/bin:/usr/bin:/bin:/usr/sbin:/sbin:/opt/X11/bin

Yarn version: 
  1.7.0

Node version: 
  10.9.0

Platform: 
  darwin x64

Trace: 
  Error: ENOENT: no such file or directory, stat '/Users/work/dev/reactml/ssr/node_modules/@iconix/reactml'

npm manifest: 
  {
    "name": "ssr",
    "version": "3.0.0",
    "private": true,
    "dependencies": {
      "@babel/core": "latest",
      "@babel/node": "latest",
      "@babel/plugin-proposal-class-properties": "latest",
      "@babel/preset-env": "latest",
      "@babel/preset-react": "latest",
      "@material-ui/core": "latest",
      "@iconix/reactml": "git://github.com/devpkiconix/reactml.git#npm",
      "babel-loader": "next",
      "express": "latest",
      "nodemon": "latest",
      "prop-types": "latest",
      "react": "latest",
      "react-dom": "latest",
      "react-jss": "latest",
      "webpack": "latest",
      "webpack-cli": "latest"
    },
    "scripts": {
      "start": "nodemon --exec yarn babel-node -- server.js",
      "production": "NODE_ENV=production npm start"
    }
  }

yarn manifest: 
  No manifest

Lockfile: 
  No lockfile
